TN:
SF:/home/realwolf/hh-smartcontract-Lottery/contracts/Raffle.sol
FN:68,constructor
FN:80,enterRaffle
FN:103,checkUpkeep
FN:125,performUpkeep
FN:150,fulfillRandomWords
FN:177,getEntranceFee
FN:181,getPlayer
FN:185,getRecentWinner
FN:189,getRaffleState
FN:193,getNumWords
FN:197,getNumberOfPlayer
FN:201,getLatestTimeStamp
FN:205,getRequestCofirmations
FN:209,getInterval
FNF:14
FNH:8
FNDA:3,constructor
FNDA:5,enterRaffle
FNDA:1,checkUpkeep
FNDA:1,performUpkeep
FNDA:0,fulfillRandomWords
FNDA:5,getEntranceFee
FNDA:1,getPlayer
FNDA:0,getRecentWinner
FNDA:1,getRaffleState
FNDA:0,getNumWords
FNDA:0,getNumberOfPlayer
FNDA:0,getLatestTimeStamp
FNDA:0,getRequestCofirmations
FNDA:5,getInterval
DA:69,3
DA:71,3
DA:72,3
DA:73,3
DA:74,3
DA:75,3
DA:76,3
DA:77,3
DA:82,5
DA:83,1
DA:85,4
DA:86,1
DA:88,3
DA:90,3
DA:114,1
DA:116,1
DA:118,1
DA:120,1
DA:122,1
DA:128,1
DA:129,1
DA:130,0
DA:139,1
DA:140,1
DA:147,1
DA:159,0
DA:160,0
DA:161,0
DA:163,0
DA:165,0
DA:167,0
DA:169,0
DA:170,0
DA:171,0
DA:173,0
DA:178,5
DA:182,1
DA:186,0
DA:190,1
DA:194,0
DA:198,0
DA:202,0
DA:206,0
DA:210,5
LF:44
LH:28
BRDA:82,1,0,1
BRDA:82,1,1,4
BRDA:85,2,0,1
BRDA:85,2,1,3
BRDA:129,3,0,0
BRDA:129,3,1,1
BRDA:170,4,0,0
BRDA:170,4,1,0
BRF:8
BRH:5
end_of_record
TN:
SF:/home/realwolf/hh-smartcontract-Lottery/contracts/test/VRFCoordinatorV2Mock.sol
FNF:0
FNH:0
LF:0
LH:0
BRF:0
BRH:0
end_of_record
